Using pre-set license
Built from '2022.3/staging' branch; Version is '2022.3.14f1 (eff2de9070d8) revision 15725278'; Using compiler version '192829333'; Build Type 'Release'
OS: 'Windows 10  (10.0.19045) 64bit Core' Language: 'en' Physical Memory: 16299 MB
BatchMode: 1, IsHumanControllingUs: 0, StartBugReporterOnCrash: 0, Is64bit: 1, IsPro: 1

COMMAND LINE ARGUMENTS:
C:\Program Files\2022.3.14f1\Editor\Unity.exe
-adb2
-batchMode
-noUpm
-name
AssetImportWorker6
-projectPath
C:/Projects/PhD-Working-Prototype/PhD Prototype
-logFile
Logs/AssetImportWorker6.log
-srvPort
63351
Successfully changed project path to: C:/Projects/PhD-Working-Prototype/PhD Prototype
C:/Projects/PhD-Working-Prototype/PhD Prototype
[UnityMemory] Configuration Parameters - Can be set up in boot.config
    "memorysetup-bucket-allocator-granularity=16"
    "memorysetup-bucket-allocator-bucket-count=8"
    "memorysetup-bucket-allocator-block-size=33554432"
    "memorysetup-bucket-allocator-block-count=8"
    "memorysetup-main-allocator-block-size=16777216"
    "memorysetup-thread-allocator-block-size=16777216"
    "memorysetup-gfx-main-allocator-block-size=16777216"
    "memorysetup-gfx-thread-allocator-block-size=16777216"
    "memorysetup-cache-allocator-block-size=4194304"
    "memorysetup-typetree-allocator-block-size=2097152"
    "memorysetup-profiler-bucket-allocator-granularity=16"
    "memorysetup-profiler-bucket-allocator-bucket-count=8"
    "memorysetup-profiler-bucket-allocator-block-size=33554432"
    "memorysetup-profiler-bucket-allocator-block-count=8"
    "memorysetup-profiler-allocator-block-size=16777216"
    "memorysetup-profiler-editor-allocator-block-size=1048576"
    "memorysetup-temp-allocator-size-main=16777216"
    "memorysetup-job-temp-allocator-block-size=2097152"
    "memorysetup-job-temp-allocator-block-size-background=1048576"
    "memorysetup-job-temp-allocator-reduction-small-platforms=262144"
    "memorysetup-allocator-temp-initial-block-size-main=262144"
    "memorysetup-allocator-temp-initial-block-size-worker=262144"
    "memorysetup-temp-allocator-size-background-worker=32768"
    "memorysetup-temp-allocator-size-job-worker=262144"
    "memorysetup-temp-allocator-size-preload-manager=33554432"
    "memorysetup-temp-allocator-size-nav-mesh-worker=65536"
    "memorysetup-temp-allocator-size-audio-worker=65536"
    "memorysetup-temp-allocator-size-cloud-worker=32768"
    "memorysetup-temp-allocator-size-gi-baking-worker=262144"
    "memorysetup-temp-allocator-size-gfx=262144"
Player connection [14636] Host "[IP] 192.168.0.95 [Port] 0 [Flags] 2 [Guid] 843706846 [EditorId] 843706846 [Version] 1048832 [Id] WindowsEditor(7,InternetsBane-Neil) [Debug] 1 [PackageName] WindowsEditor [ProjectName] Editor" joined multi-casting on [225.0.0.222:54997]...

Player connection [14636] Host "[IP] 192.168.0.95 [Port] 0 [Flags] 2 [Guid] 843706846 [EditorId] 843706846 [Version] 1048832 [Id] WindowsEditor(7,InternetsBane-Neil) [Debug] 1 [PackageName] WindowsEditor [ProjectName] Editor" joined alternative multi-casting on [225.0.0.222:34997]...

[Physics::Module] Initialized MultithreadedJobDispatcher with 15 workers.
Refreshing native plugins compatible for Editor in 24.96 ms, found 3 plugins.
Preloading 0 native plugins for Editor in 0.00 ms.
Initialize engine version: 2022.3.14f1 (eff2de9070d8)
[Subsystems] Discovering subsystems at path C:/Program Files/2022.3.14f1/Editor/Data/Resources/UnitySubsystems
[Subsystems] Discovering subsystems at path C:/Projects/PhD-Working-Prototype/PhD Prototype/Assets
GfxDevice: creating device client; threaded=0; jobified=0
Direct3D:
    Version:  Direct3D 11.0 [level 11.1]
    Renderer: NVIDIA GeForce RTX 3070 (ID=0x2484)
    Vendor:   NVIDIA
    VRAM:     8031 MB
    Driver:   31.0.15.3623
Initialize mono
Mono path[0] = 'C:/Program Files/2022.3.14f1/Editor/Data/Managed'
Mono path[1] = 'C:/Program Files/2022.3.14f1/Editor/Data/MonoBleedingEdge/lib/mono/unityjit-win32'
Mono config path = 'C:/Program Files/2022.3.14f1/Editor/Data/MonoBleedingEdge/etc'
Using monoOptions --debugger-agent=transport=dt_socket,embedding=1,server=y,suspend=n,address=127.0.0.1:56980
Begin MonoManager ReloadAssembly
Registering precompiled unity dll's ...
Register platform support module: C:/Program Files/2022.3.14f1/Editor/Data/PlaybackEngines/MacStandaloneSupport/UnityEditor.OSXStandalone.Extensions.dll
Register platform support module: C:/Program Files/2022.3.14f1/Editor/Data/PlaybackEngines/AndroidPlayer/UnityEditor.Android.Extensions.dll
Register platform support module: C:/Program Files/2022.3.14f1/Editor/Data/PlaybackEngines/iOSSupport/UnityEditor.iOS.Extensions.dll
Register platform support module: C:/Program Files/2022.3.14f1/Editor/Data/PlaybackEngines/WindowsStandaloneSupport/UnityEditor.WindowsStandalone.Extensions.dll
Registered in 0.023079 seconds.
- Loaded All Assemblies, in  0.573 seconds
Native extension for WindowsStandalone target not found
[usbmuxd] Start listen thread
[usbmuxd] Listen thread started
Native extension for iOS target not found
Native extension for Android target not found
Native extension for OSXStandalone target not found
Mono: successfully reloaded assembly
- Finished resetting the current domain, in  0.474 seconds
Domain Reload Profiling: 1043ms
	BeginReloadAssembly (177ms)
		ExecutionOrderSort (0ms)
		DisableScriptedObjects (0ms)
		BackupInstance (0ms)
		ReleaseScriptingObjects (0ms)
		CreateAndSetChildDomain (1ms)
	RebuildCommonClasses (49ms)
	RebuildNativeTypeToScriptingClass (16ms)
	initialDomainReloadingComplete (102ms)
	LoadAllAssembliesAndSetupDomain (225ms)
		LoadAssemblies (174ms)
		RebuildTransferFunctionScriptingTraits (0ms)
		AnalyzeDomain (218ms)
			TypeCache.Refresh (216ms)
				TypeCache.ScanAssembly (196ms)
			ScanForSourceGeneratedMonoScriptInfo (0ms)
			ResolveRequiredComponents (1ms)
	FinalizeReload (475ms)
		ReleaseScriptCaches (0ms)
		RebuildScriptCaches (0ms)
		SetupLoadedEditorAssemblies (393ms)
			LogAssemblyErrors (0ms)
			InitializePlatformSupportModulesInManaged (166ms)
			SetLoadedEditorAssemblies (7ms)
			RefreshPlugins (0ms)
			BeforeProcessingInitializeOnLoad (3ms)
			ProcessInitializeOnLoadAttributes (146ms)
			ProcessInitializeOnLoadMethodAttributes (70ms)
			AfterProcessingInitializeOnLoad (0ms)
			EditorAssembliesLoaded (0ms)
		ExecutionOrderSort2 (0ms)
		AwakeInstancesAfterBackupRestoration (0ms)
========================================================================
Worker process is ready to serve import requests
Begin MonoManager ReloadAssembly
- Loaded All Assemblies, in  1.061 seconds
Refreshing native plugins compatible for Editor in 7.50 ms, found 3 plugins.
Native extension for WindowsStandalone target not found
Native extension for iOS target not found
Native extension for Android target not found
Native extension for OSXStandalone target not found
System.Exception: Error! Visual Scripting: couldn't find visual scripting package
  at Unity.VisualScripting.PackageVersionUtility.get_version () [0x00043] in .\Library\PackageCache\com.unity.visualscripting@1.9.1\Editor\VisualScripting.Core\Utilities\PackageVersionUtility.cs:31 
  at Unity.VisualScripting.BoltCoreManifest.get_version () [0x00000] in .\Library\PackageCache\com.unity.visualscripting@1.9.1\Editor\VisualScripting.Core\Plugin\BoltCoreManifest.cs:11 
  at Unity.VisualScripting.PluginManifest.get_currentVersion () [0x00000] in .\Library\PackageCache\com.unity.visualscripting@1.9.1\Editor\VisualScripting.Core\Plugins\PluginManifest.cs:33 
  at Unity.VisualScripting.PluginManifest.get_versionMismatch () [0x00000] in .\Library\PackageCache\com.unity.visualscripting@1.9.1\Editor\VisualScripting.Core\Plugins\PluginManifest.cs:48 
  at Unity.VisualScripting.PluginContainer.Initialize () [0x00525] in .\Library\PackageCache\com.unity.visualscripting@1.9.1\Editor\VisualScripting.Core\Plugins\PluginContainer.cs:208 
  at Unity.VisualScripting.PluginContainer.InitializeOnLoad () [0x00009] in .\Library\PackageCache\com.unity.visualscripting@1.9.1\Editor\VisualScripting.Core\Plugins\PluginContainer.cs:32 
  at Unity.VisualScripting.VSUsageUtility.DoInitializeOnLoadCalls () [0x00034] in .\Library\PackageCache\com.unity.visualscripting@1.9.1\Editor\VisualScripting.Core\Utilities\VSUsageUtility.cs:76 
  at Unity.VisualScripting.VSUsageUtility.set_isVisualScriptingUsed (System.Boolean value) [0x0002c] in .\Library\PackageCache\com.unity.visualscripting@1.9.1\Editor\VisualScripting.Core\Utilities\VSUsageUtility.cs:114 
  at Unity.VisualScripting.VSUsageUtility.CheckAndSetIsVisualScriptingUsed () [0x00032] in .\Library\PackageCache\com.unity.visualscripting@1.9.1\Editor\VisualScripting.Core\Utilities\VSUsageUtility.cs:48 
  at Unity.VisualScripting.VSUsageUtility..cctor () [0x00000] in .\Library\PackageCache\com.unity.visualscripting@1.9.1\Editor\VisualScripting.Core\Utilities\VSUsageUtility.cs:22 
UnityEngine.StackTraceUtility:ExtractStackTrace ()
UnityEngine.DebugLogHandler:LogFormat (UnityEngine.LogType,UnityEngine.Object,string,object[])
UnityEngine.Logger:Log (UnityEngine.LogType,object)
UnityEngine.Debug:LogError (object)
UnityEditor.EditorAssemblies:ProcessInitializeOnLoadAttributes (System.Type[])

Package Manager log level set to [2]
[Package Manager] Server::EnsureServerProcessIsRunning -- launch failed, reason: Unity was launched with the -noUpm command-line argument
[Package Manager] UpmClient::Send -- Unable to send message (not connected to UPM process).
[Package Manager] Cannot connect to Unity Package Manager local server
Mono: successfully reloaded assembly
- Finished resetting the current domain, in  1.465 seconds
Domain Reload Profiling: 2517ms
	BeginReloadAssembly (252ms)
		ExecutionOrderSort (0ms)
		DisableScriptedObjects (8ms)
		BackupInstance (0ms)
		ReleaseScriptingObjects (0ms)
		CreateAndSetChildDomain (41ms)
	RebuildCommonClasses (47ms)
	RebuildNativeTypeToScriptingClass (14ms)
	initialDomainReloadingComplete (73ms)
	LoadAllAssembliesAndSetupDomain (665ms)
		LoadAssemblies (564ms)
		RebuildTransferFunctionScriptingTraits (0ms)
		AnalyzeDomain (252ms)
			TypeCache.Refresh (223ms)
				TypeCache.ScanAssembly (198ms)
			ScanForSourceGeneratedMonoScriptInfo (22ms)
			ResolveRequiredComponents (5ms)
	FinalizeReload (1466ms)
		ReleaseScriptCaches (0ms)
		RebuildScriptCaches (0ms)
		SetupLoadedEditorAssemblies (1251ms)
			LogAssemblyErrors (0ms)
			InitializePlatformSupportModulesInManaged (58ms)
			SetLoadedEditorAssemblies (4ms)
			RefreshPlugins (0ms)
			BeforeProcessingInitializeOnLoad (87ms)
			ProcessInitializeOnLoadAttributes (1059ms)
			ProcessInitializeOnLoadMethodAttributes (29ms)
			AfterProcessingInitializeOnLoad (15ms)
			EditorAssembliesLoaded (0ms)
		ExecutionOrderSort2 (0ms)
		AwakeInstancesAfterBackupRestoration (7ms)
Launched and connected shader compiler UnityShaderCompiler.exe after 0.07 seconds
Refreshing native plugins compatible for Editor in 8.59 ms, found 3 plugins.
Preloading 0 native plugins for Editor in 0.00 ms.
Unloading 3533 Unused Serialized files (Serialized files now loaded: 0)
Unloading 39 unused Assets / (57.6 KB). Loaded Objects now: 4007.
Memory consumption went from 141.5 MB to 141.5 MB.
Total: 17.155700 ms (FindLiveObjects: 0.471000 ms CreateObjectMapping: 0.132100 ms MarkObjects: 16.371700 ms  DeleteObjects: 0.179100 ms)

AssetImportParameters requested are different than current active one (requested -> active):
  custom:container-demuxer-ogg: 62fdf1f143b41e24485cea50d1cbac27 -> 
  custom:video-decoder-ogg-theora: a1e56fd34408186e4bbccfd4996cb3dc -> 
  custom:framework-win-MediaFoundation: 216162199b28c13a410421893ffa2e32 -> 
  custom:CustomObjectIndexerAttribute: 756ad292c208cfabdd7b50bc23989ffe -> 
  custom:container-demuxer-webm: 4f35f7cbe854078d1ac9338744f61a02 -> 
  custom:container-muxer-webm: aa71ff27fc2769a1b78a27578f13a17b -> 
  custom:video-decoder-webm-vp8: 9c59270c3fd7afecdb556c50c9e8de78 -> 
  custom:SearchIndexIgnoredProperties: e643bd26f0fe6173181afceb89e7c659 -> 
  custom:AudioImporter_EditorPlatform: d09bf68614088b80899f8185d706f6e7 -> 
  custom:video-encoder-webm-vp8: eb34c28f22e8b96e1ab97ce403110664 -> 
  custom:audio-decoder-ogg-vorbis: bf7c407c2cedff20999df2af8eb42d56 -> 
  custom:audio-encoder-webm-vorbis: bf7c407c2cedff20999df2af8eb42d56 -> 
========================================================================
Received Import Request.
  Time since last request: 1278764.263440 seconds.
  path: Assets/Materials/Green.mat
  artifactKey: Guid(fe2d2111d8801bf449c30f17d91049b2) Importer(815301076,1909f56bfc062723c751e8b465ee728b)
Start importing Assets/Materials/Green.mat using Guid(fe2d2111d8801bf449c30f17d91049b2) Importer(815301076,1909f56bfc062723c751e8b465ee728b)  -> (artifact id: 'c84fad5c942827191e0253ada1741bfc') in 0.125566 seconds
Number of updated asset objects reloaded before import = 0
Number of asset objects unloaded after import = 1
========================================================================
Received Import Request.
  Time since last request: 19.395820 seconds.
  path: Assets/Materials/Green.mat
  artifactKey: Guid(fe2d2111d8801bf449c30f17d91049b2) Importer(815301076,1909f56bfc062723c751e8b465ee728b)
Start importing Assets/Materials/Green.mat using Guid(fe2d2111d8801bf449c30f17d91049b2) Importer(815301076,1909f56bfc062723c751e8b465ee728b)  -> (artifact id: '3d61591bbe9e1e5a2d746bed22db554b') in 0.020129 seconds
Number of updated asset objects reloaded before import = 0
Number of asset objects unloaded after import = 1
========================================================================
Received Import Request.
  Time since last request: 24.310849 seconds.
  path: Assets/Prefabs/Rugby Stadium.prefab
  artifactKey: Guid(d7b89215033ae5b41838ece97352f10c) Importer(815301076,1909f56bfc062723c751e8b465ee728b)
Start importing Assets/Prefabs/Rugby Stadium.prefab using Guid(d7b89215033ae5b41838ece97352f10c) Importer(815301076,1909f56bfc062723c751e8b465ee728b)  -> (artifact id: 'af3a6af52c701b87da7896a36aeae7fe') in 0.058102 seconds
Number of updated asset objects reloaded before import = 0
Number of asset objects unloaded after import = 126
========================================================================
Received Import Request.
  Time since last request: 137.586576 seconds.
  path: Assets/Prefabs/Rugby Stadium.prefab
  artifactKey: Guid(d7b89215033ae5b41838ece97352f10c) Importer(815301076,1909f56bfc062723c751e8b465ee728b)
Start importing Assets/Prefabs/Rugby Stadium.prefab using Guid(d7b89215033ae5b41838ece97352f10c) Importer(815301076,1909f56bfc062723c751e8b465ee728b)  -> (artifact id: '94095df9fc04210d4d2e9d0fcd28584d') in 0.025524 seconds
Number of updated asset objects reloaded before import = 0
Number of asset objects unloaded after import = 126
========================================================================
Received Import Request.
  Time since last request: 44.662835 seconds.
  path: Assets/Prefabs/Rugby Stadium.prefab
  artifactKey: Guid(d7b89215033ae5b41838ece97352f10c) Importer(815301076,1909f56bfc062723c751e8b465ee728b)
Start importing Assets/Prefabs/Rugby Stadium.prefab using Guid(d7b89215033ae5b41838ece97352f10c) Importer(815301076,1909f56bfc062723c751e8b465ee728b)  -> (artifact id: '607d5ad0d3dfa467e52f5de07192e827') in 0.024640 seconds
Number of updated asset objects reloaded before import = 0
Number of asset objects unloaded after import = 126
========================================================================
Received Import Request.
  Time since last request: 7.842441 seconds.
  path: Assets/Prefabs/Rugby Stadium.prefab
  artifactKey: Guid(d7b89215033ae5b41838ece97352f10c) Importer(815301076,1909f56bfc062723c751e8b465ee728b)
Start importing Assets/Prefabs/Rugby Stadium.prefab using Guid(d7b89215033ae5b41838ece97352f10c) Importer(815301076,1909f56bfc062723c751e8b465ee728b)  -> (artifact id: 'ac75f13e353360aaca3164cb3a0f4037') in 0.035403 seconds
Number of updated asset objects reloaded before import = 0
Number of asset objects unloaded after import = 126
========================================================================
Received Import Request.
  Time since last request: 15.323109 seconds.
  path: Assets/Prefabs/Rugby Stadium.prefab
  artifactKey: Guid(d7b89215033ae5b41838ece97352f10c) Importer(815301076,1909f56bfc062723c751e8b465ee728b)
Start importing Assets/Prefabs/Rugby Stadium.prefab using Guid(d7b89215033ae5b41838ece97352f10c) Importer(815301076,1909f56bfc062723c751e8b465ee728b)  -> (artifact id: '376204624dc71c77b2fe1ed963fdbd01') in 0.029355 seconds
Number of updated asset objects reloaded before import = 0
Number of asset objects unloaded after import = 126
========================================================================
Received Import Request.
  Time since last request: 4.607023 seconds.
  path: Assets/Prefabs/Rugby Stadium.prefab
  artifactKey: Guid(d7b89215033ae5b41838ece97352f10c) Importer(815301076,1909f56bfc062723c751e8b465ee728b)
Start importing Assets/Prefabs/Rugby Stadium.prefab using Guid(d7b89215033ae5b41838ece97352f10c) Importer(815301076,1909f56bfc062723c751e8b465ee728b)  -> (artifact id: '687cb074c349dcff9d17581acb845974') in 0.029953 seconds
Number of updated asset objects reloaded before import = 0
Number of asset objects unloaded after import = 126
========================================================================
Received Import Request.
  Time since last request: 1.824169 seconds.
  path: Assets/Prefabs/Rugby Stadium.prefab
  artifactKey: Guid(d7b89215033ae5b41838ece97352f10c) Importer(815301076,1909f56bfc062723c751e8b465ee728b)
Start importing Assets/Prefabs/Rugby Stadium.prefab using Guid(d7b89215033ae5b41838ece97352f10c) Importer(815301076,1909f56bfc062723c751e8b465ee728b)  -> (artifact id: '857842cb1ce670a8a9bc3673a5efef1a') in 0.033846 seconds
Number of updated asset objects reloaded before import = 0
Number of asset objects unloaded after import = 126
========================================================================
Received Import Request.
  Time since last request: 10.421063 seconds.
  path: Assets/Prefabs/Rugby Stadium.prefab
  artifactKey: Guid(d7b89215033ae5b41838ece97352f10c) Importer(815301076,1909f56bfc062723c751e8b465ee728b)
Start importing Assets/Prefabs/Rugby Stadium.prefab using Guid(d7b89215033ae5b41838ece97352f10c) Importer(815301076,1909f56bfc062723c751e8b465ee728b)  -> (artifact id: '9b1b2b913f3469290aa8df36bccc9edc') in 0.033578 seconds
Number of updated asset objects reloaded before import = 0
Number of asset objects unloaded after import = 126
========================================================================
Received Import Request.
  Time since last request: 7.441201 seconds.
  path: Assets/Prefabs/Rugby Stadium.prefab
  artifactKey: Guid(d7b89215033ae5b41838ece97352f10c) Importer(815301076,1909f56bfc062723c751e8b465ee728b)
Start importing Assets/Prefabs/Rugby Stadium.prefab using Guid(d7b89215033ae5b41838ece97352f10c) Importer(815301076,1909f56bfc062723c751e8b465ee728b)  -> (artifact id: '42b76bcd5a4dea693afb52468321536f') in 0.027005 seconds
Number of updated asset objects reloaded before import = 0
Number of asset objects unloaded after import = 126
========================================================================
Received Import Request.
  Time since last request: 2.203260 seconds.
  path: Assets/Prefabs/Rugby Stadium.prefab
  artifactKey: Guid(d7b89215033ae5b41838ece97352f10c) Importer(815301076,1909f56bfc062723c751e8b465ee728b)
Start importing Assets/Prefabs/Rugby Stadium.prefab using Guid(d7b89215033ae5b41838ece97352f10c) Importer(815301076,1909f56bfc062723c751e8b465ee728b)  -> (artifact id: 'cd2fb7142358f73ed69b7e9985fcd525') in 0.034436 seconds
Number of updated asset objects reloaded before import = 0
Number of asset objects unloaded after import = 126
========================================================================
Received Import Request.
  Time since last request: 7.226628 seconds.
  path: Assets/Prefabs/Rugby Stadium.prefab
  artifactKey: Guid(d7b89215033ae5b41838ece97352f10c) Importer(815301076,1909f56bfc062723c751e8b465ee728b)
Start importing Assets/Prefabs/Rugby Stadium.prefab using Guid(d7b89215033ae5b41838ece97352f10c) Importer(815301076,1909f56bfc062723c751e8b465ee728b)  -> (artifact id: '18a19bd9fb5bfbe4437ce5b3eebbf631') in 0.032533 seconds
Number of updated asset objects reloaded before import = 0
Number of asset objects unloaded after import = 126
========================================================================
Received Import Request.
  Time since last request: 5.819484 seconds.
  path: Assets/Prefabs/Rugby Stadium.prefab
  artifactKey: Guid(d7b89215033ae5b41838ece97352f10c) Importer(815301076,1909f56bfc062723c751e8b465ee728b)
Start importing Assets/Prefabs/Rugby Stadium.prefab using Guid(d7b89215033ae5b41838ece97352f10c) Importer(815301076,1909f56bfc062723c751e8b465ee728b)  -> (artifact id: 'b645a3d2d4c613f9b428f0759b1d0ac7') in 0.028157 seconds
Number of updated asset objects reloaded before import = 0
Number of asset objects unloaded after import = 126
========================================================================
Received Import Request.
  Time since last request: 11.066182 seconds.
  path: Assets/Prefabs/Rugby Stadium.prefab
  artifactKey: Guid(d7b89215033ae5b41838ece97352f10c) Importer(815301076,1909f56bfc062723c751e8b465ee728b)
Start importing Assets/Prefabs/Rugby Stadium.prefab using Guid(d7b89215033ae5b41838ece97352f10c) Importer(815301076,1909f56bfc062723c751e8b465ee728b)  -> (artifact id: 'f51c80d3fa57b79c354d6f01b0760337') in 0.029886 seconds
Number of updated asset objects reloaded before import = 0
Number of asset objects unloaded after import = 126
========================================================================
Received Import Request.
  Time since last request: 10.872078 seconds.
  path: Assets/Prefabs/Rugby Stadium.prefab
  artifactKey: Guid(d7b89215033ae5b41838ece97352f10c) Importer(815301076,1909f56bfc062723c751e8b465ee728b)
Start importing Assets/Prefabs/Rugby Stadium.prefab using Guid(d7b89215033ae5b41838ece97352f10c) Importer(815301076,1909f56bfc062723c751e8b465ee728b)  -> (artifact id: '46ee48527fb4f0a60bb84c8033f760ab') in 0.027817 seconds
Number of updated asset objects reloaded before import = 0
Number of asset objects unloaded after import = 126
========================================================================
Received Import Request.
  Time since last request: 6.830713 seconds.
  path: Assets/Prefabs/Rugby Stadium.prefab
  artifactKey: Guid(d7b89215033ae5b41838ece97352f10c) Importer(815301076,1909f56bfc062723c751e8b465ee728b)
Start importing Assets/Prefabs/Rugby Stadium.prefab using Guid(d7b89215033ae5b41838ece97352f10c) Importer(815301076,1909f56bfc062723c751e8b465ee728b)  -> (artifact id: '53a8d8088653e6d898c1e9adcede7fca') in 0.029067 seconds
Number of updated asset objects reloaded before import = 0
Number of asset objects unloaded after import = 126
========================================================================
Received Import Request.
  Time since last request: 1.973178 seconds.
  path: Assets/Prefabs/Rugby Stadium.prefab
  artifactKey: Guid(d7b89215033ae5b41838ece97352f10c) Importer(815301076,1909f56bfc062723c751e8b465ee728b)
Start importing Assets/Prefabs/Rugby Stadium.prefab using Guid(d7b89215033ae5b41838ece97352f10c) Importer(815301076,1909f56bfc062723c751e8b465ee728b)  -> (artifact id: 'c8b0f0c580002c09ea293a669ecea223') in 0.026079 seconds
Number of updated asset objects reloaded before import = 0
Number of asset objects unloaded after import = 126
========================================================================
Received Import Request.
  Time since last request: 9.259716 seconds.
  path: Assets/Prefabs/Rugby Stadium.prefab
  artifactKey: Guid(d7b89215033ae5b41838ece97352f10c) Importer(815301076,1909f56bfc062723c751e8b465ee728b)
Start importing Assets/Prefabs/Rugby Stadium.prefab using Guid(d7b89215033ae5b41838ece97352f10c) Importer(815301076,1909f56bfc062723c751e8b465ee728b)  -> (artifact id: '2457e80cdd55ad9350622b3e1320ec32') in 0.032924 seconds
Number of updated asset objects reloaded before import = 0
Number of asset objects unloaded after import = 126
========================================================================
Received Import Request.
  Time since last request: 5.608989 seconds.
  path: Assets/Prefabs/Rugby Stadium.prefab
  artifactKey: Guid(d7b89215033ae5b41838ece97352f10c) Importer(815301076,1909f56bfc062723c751e8b465ee728b)
Start importing Assets/Prefabs/Rugby Stadium.prefab using Guid(d7b89215033ae5b41838ece97352f10c) Importer(815301076,1909f56bfc062723c751e8b465ee728b)  -> (artifact id: 'e30b281231823abfe49d83b8d2818cc4') in 0.029110 seconds
Number of updated asset objects reloaded before import = 0
Number of asset objects unloaded after import = 126
========================================================================
Received Import Request.
  Time since last request: 2.175676 seconds.
  path: Assets/Prefabs/Rugby Stadium.prefab
  artifactKey: Guid(d7b89215033ae5b41838ece97352f10c) Importer(815301076,1909f56bfc062723c751e8b465ee728b)
Start importing Assets/Prefabs/Rugby Stadium.prefab using Guid(d7b89215033ae5b41838ece97352f10c) Importer(815301076,1909f56bfc062723c751e8b465ee728b)  -> (artifact id: '5ff1ba3dd400b852e8b313433f5df978') in 0.026207 seconds
Number of updated asset objects reloaded before import = 0
Number of asset objects unloaded after import = 126
========================================================================
Received Import Request.
  Time since last request: 2.199171 seconds.
  path: Assets/Prefabs/Rugby Stadium.prefab
  artifactKey: Guid(d7b89215033ae5b41838ece97352f10c) Importer(815301076,1909f56bfc062723c751e8b465ee728b)
Start importing Assets/Prefabs/Rugby Stadium.prefab using Guid(d7b89215033ae5b41838ece97352f10c) Importer(815301076,1909f56bfc062723c751e8b465ee728b)  -> (artifact id: 'cc6890a07594daa723c490edbe7267db') in 0.034434 seconds
Number of updated asset objects reloaded before import = 0
Number of asset objects unloaded after import = 126
========================================================================
Received Import Request.
  Time since last request: 3.998825 seconds.
  path: Assets/Prefabs/Rugby Stadium.prefab
  artifactKey: Guid(d7b89215033ae5b41838ece97352f10c) Importer(815301076,1909f56bfc062723c751e8b465ee728b)
Start importing Assets/Prefabs/Rugby Stadium.prefab using Guid(d7b89215033ae5b41838ece97352f10c) Importer(815301076,1909f56bfc062723c751e8b465ee728b)  -> (artifact id: '5fc0c86c69060802d34cc850fb5be22f') in 0.030939 seconds
Number of updated asset objects reloaded before import = 0
Number of asset objects unloaded after import = 126
========================================================================
Received Import Request.
  Time since last request: 60.954926 seconds.
  path: Assets/Prefabs/Rugby Stadium.prefab
  artifactKey: Guid(d7b89215033ae5b41838ece97352f10c) Importer(815301076,1909f56bfc062723c751e8b465ee728b)
Start importing Assets/Prefabs/Rugby Stadium.prefab using Guid(d7b89215033ae5b41838ece97352f10c) Importer(815301076,1909f56bfc062723c751e8b465ee728b)  -> (artifact id: '51ff0feabf0e746d5f493513a9eb0a22') in 0.026410 seconds
Number of updated asset objects reloaded before import = 0
Number of asset objects unloaded after import = 126
========================================================================
Received Import Request.
  Time since last request: 11.058861 seconds.
  path: Assets/Prefabs/Rugby Stadium.prefab
  artifactKey: Guid(d7b89215033ae5b41838ece97352f10c) Importer(815301076,1909f56bfc062723c751e8b465ee728b)
Start importing Assets/Prefabs/Rugby Stadium.prefab using Guid(d7b89215033ae5b41838ece97352f10c) Importer(815301076,1909f56bfc062723c751e8b465ee728b)  -> (artifact id: 'e7e0844868129f75820302d1f15021d1') in 0.030375 seconds
Number of updated asset objects reloaded before import = 0
Number of asset objects unloaded after import = 126
========================================================================
Received Import Request.
  Time since last request: 3.606580 seconds.
  path: Assets/Prefabs/Rugby Stadium.prefab
  artifactKey: Guid(d7b89215033ae5b41838ece97352f10c) Importer(815301076,1909f56bfc062723c751e8b465ee728b)
Start importing Assets/Prefabs/Rugby Stadium.prefab using Guid(d7b89215033ae5b41838ece97352f10c) Importer(815301076,1909f56bfc062723c751e8b465ee728b)  -> (artifact id: '67158d1b7415feb1210833a6660cb658') in 0.028593 seconds
Number of updated asset objects reloaded before import = 0
Number of asset objects unloaded after import = 126
========================================================================
Received Import Request.
  Time since last request: 28.188730 seconds.
  path: Assets/Prefabs/Rugby Stadium.prefab
  artifactKey: Guid(d7b89215033ae5b41838ece97352f10c) Importer(815301076,1909f56bfc062723c751e8b465ee728b)
Start importing Assets/Prefabs/Rugby Stadium.prefab using Guid(d7b89215033ae5b41838ece97352f10c) Importer(815301076,1909f56bfc062723c751e8b465ee728b)  -> (artifact id: '754a0b0069856478e03130593455e2a4') in 0.031582 seconds
Number of updated asset objects reloaded before import = 0
Number of asset objects unloaded after import = 126
========================================================================
Received Import Request.
  Time since last request: 4.402204 seconds.
  path: Assets/Prefabs/Rugby Stadium.prefab
  artifactKey: Guid(d7b89215033ae5b41838ece97352f10c) Importer(815301076,1909f56bfc062723c751e8b465ee728b)
Start importing Assets/Prefabs/Rugby Stadium.prefab using Guid(d7b89215033ae5b41838ece97352f10c) Importer(815301076,1909f56bfc062723c751e8b465ee728b)  -> (artifact id: '10caa853b0d531fadf2ec668cf43aab4') in 0.027699 seconds
Number of updated asset objects reloaded before import = 0
Number of asset objects unloaded after import = 126
========================================================================
Received Import Request.
  Time since last request: 8.450494 seconds.
  path: Assets/Prefabs/Rugby Stadium.prefab
  artifactKey: Guid(d7b89215033ae5b41838ece97352f10c) Importer(815301076,1909f56bfc062723c751e8b465ee728b)
Start importing Assets/Prefabs/Rugby Stadium.prefab using Guid(d7b89215033ae5b41838ece97352f10c) Importer(815301076,1909f56bfc062723c751e8b465ee728b)  -> (artifact id: '0db098d6fb705b2ed0fdb742a11c3c25') in 0.025116 seconds
Number of updated asset objects reloaded before import = 0
Number of asset objects unloaded after import = 126
========================================================================
Received Import Request.
  Time since last request: 11.049581 seconds.
  path: Assets/Prefabs/Rugby Stadium.prefab
  artifactKey: Guid(d7b89215033ae5b41838ece97352f10c) Importer(815301076,1909f56bfc062723c751e8b465ee728b)
Start importing Assets/Prefabs/Rugby Stadium.prefab using Guid(d7b89215033ae5b41838ece97352f10c) Importer(815301076,1909f56bfc062723c751e8b465ee728b)  -> (artifact id: '6d3bf0fec62b7badaeb953d54ee4029b') in 0.027583 seconds
Number of updated asset objects reloaded before import = 0
Number of asset objects unloaded after import = 126
========================================================================
Received Import Request.
  Time since last request: 4.803935 seconds.
  path: Assets/Prefabs/Rugby Stadium.prefab
  artifactKey: Guid(d7b89215033ae5b41838ece97352f10c) Importer(815301076,1909f56bfc062723c751e8b465ee728b)
Start importing Assets/Prefabs/Rugby Stadium.prefab using Guid(d7b89215033ae5b41838ece97352f10c) Importer(815301076,1909f56bfc062723c751e8b465ee728b)  -> (artifact id: '19d2b6d673623f191cb9db211ba9f73d') in 0.028271 seconds
Number of updated asset objects reloaded before import = 0
Number of asset objects unloaded after import = 126
========================================================================
Received Import Request.
  Time since last request: 31.391769 seconds.
  path: Assets/Prefabs/Rugby Stadium.prefab
  artifactKey: Guid(d7b89215033ae5b41838ece97352f10c) Importer(815301076,1909f56bfc062723c751e8b465ee728b)
Start importing Assets/Prefabs/Rugby Stadium.prefab using Guid(d7b89215033ae5b41838ece97352f10c) Importer(815301076,1909f56bfc062723c751e8b465ee728b)  -> (artifact id: 'f9be06c6c91a2f345aac1c648956625a') in 0.046062 seconds
Number of updated asset objects reloaded before import = 0
Number of asset objects unloaded after import = 126
========================================================================
Received Import Request.
  Time since last request: 11.881254 seconds.
  path: Assets/Prefabs/Rugby Stadium.prefab
  artifactKey: Guid(d7b89215033ae5b41838ece97352f10c) Importer(815301076,1909f56bfc062723c751e8b465ee728b)
Start importing Assets/Prefabs/Rugby Stadium.prefab using Guid(d7b89215033ae5b41838ece97352f10c) Importer(815301076,1909f56bfc062723c751e8b465ee728b)  -> (artifact id: '0557e173e672e0956973b08a4badf001') in 0.028479 seconds
Number of updated asset objects reloaded before import = 0
Number of asset objects unloaded after import = 126
========================================================================
Received Import Request.
  Time since last request: 7.266214 seconds.
  path: Assets/Prefabs/Rugby Stadium.prefab
  artifactKey: Guid(d7b89215033ae5b41838ece97352f10c) Importer(815301076,1909f56bfc062723c751e8b465ee728b)
Start importing Assets/Prefabs/Rugby Stadium.prefab using Guid(d7b89215033ae5b41838ece97352f10c) Importer(815301076,1909f56bfc062723c751e8b465ee728b)  -> (artifact id: '299a197d2a436afeeffbb2de07ce2dcf') in 0.028869 seconds
Number of updated asset objects reloaded before import = 0
Number of asset objects unloaded after import = 126
========================================================================
Received Import Request.
  Time since last request: 1.789419 seconds.
  path: Assets/Prefabs/Rugby Stadium.prefab
  artifactKey: Guid(d7b89215033ae5b41838ece97352f10c) Importer(815301076,1909f56bfc062723c751e8b465ee728b)
Start importing Assets/Prefabs/Rugby Stadium.prefab using Guid(d7b89215033ae5b41838ece97352f10c) Importer(815301076,1909f56bfc062723c751e8b465ee728b)  -> (artifact id: '81cf1e5917f158eb89ffc54720f5acb1') in 0.031665 seconds
Number of updated asset objects reloaded before import = 0
Number of asset objects unloaded after import = 126
========================================================================
Received Import Request.
  Time since last request: 4.610489 seconds.
  path: Assets/Prefabs/Rugby Stadium.prefab
  artifactKey: Guid(d7b89215033ae5b41838ece97352f10c) Importer(815301076,1909f56bfc062723c751e8b465ee728b)
Start importing Assets/Prefabs/Rugby Stadium.prefab using Guid(d7b89215033ae5b41838ece97352f10c) Importer(815301076,1909f56bfc062723c751e8b465ee728b)  -> (artifact id: '6abf919ff0d03e7d3ebb6969a626aa49') in 0.021920 seconds
Number of updated asset objects reloaded before import = 0
Number of asset objects unloaded after import = 126
========================================================================
Received Import Request.
  Time since last request: 2.185230 seconds.
  path: Assets/Prefabs/Rugby Stadium.prefab
  artifactKey: Guid(d7b89215033ae5b41838ece97352f10c) Importer(815301076,1909f56bfc062723c751e8b465ee728b)
Start importing Assets/Prefabs/Rugby Stadium.prefab using Guid(d7b89215033ae5b41838ece97352f10c) Importer(815301076,1909f56bfc062723c751e8b465ee728b)  -> (artifact id: '9f880bd45558f7503ff36bca63a4637a') in 0.027414 seconds
Number of updated asset objects reloaded before import = 0
Number of asset objects unloaded after import = 126
========================================================================
Received Import Request.
  Time since last request: 16.898997 seconds.
  path: Assets/Prefabs/Rugby Stadium.prefab
  artifactKey: Guid(d7b89215033ae5b41838ece97352f10c) Importer(815301076,1909f56bfc062723c751e8b465ee728b)
Start importing Assets/Prefabs/Rugby Stadium.prefab using Guid(d7b89215033ae5b41838ece97352f10c) Importer(815301076,1909f56bfc062723c751e8b465ee728b)  -> (artifact id: '461f94c7c8269df772a31cadf35e7e7d') in 0.031408 seconds
Number of updated asset objects reloaded before import = 0
Number of asset objects unloaded after import = 126
========================================================================
Received Import Request.
  Time since last request: 2.590829 seconds.
  path: Assets/Prefabs/Rugby Stadium.prefab
  artifactKey: Guid(d7b89215033ae5b41838ece97352f10c) Importer(815301076,1909f56bfc062723c751e8b465ee728b)
Start importing Assets/Prefabs/Rugby Stadium.prefab using Guid(d7b89215033ae5b41838ece97352f10c) Importer(815301076,1909f56bfc062723c751e8b465ee728b)  -> (artifact id: '757ad56abbc7d10417502f02f4038aa0') in 0.026131 seconds
Number of updated asset objects reloaded before import = 0
Number of asset objects unloaded after import = 126
========================================================================
Received Import Request.
  Time since last request: 3.999412 seconds.
  path: Assets/Prefabs/Rugby Stadium.prefab
  artifactKey: Guid(d7b89215033ae5b41838ece97352f10c) Importer(815301076,1909f56bfc062723c751e8b465ee728b)
Start importing Assets/Prefabs/Rugby Stadium.prefab using Guid(d7b89215033ae5b41838ece97352f10c) Importer(815301076,1909f56bfc062723c751e8b465ee728b)  -> (artifact id: 'b27ea45cd865cbefb2a61f517586817d') in 0.019301 seconds
Number of updated asset objects reloaded before import = 0
Number of asset objects unloaded after import = 126
========================================================================
Received Import Request.
  Time since last request: 2.602733 seconds.
  path: Assets/Prefabs/Rugby Stadium.prefab
  artifactKey: Guid(d7b89215033ae5b41838ece97352f10c) Importer(815301076,1909f56bfc062723c751e8b465ee728b)
Start importing Assets/Prefabs/Rugby Stadium.prefab using Guid(d7b89215033ae5b41838ece97352f10c) Importer(815301076,1909f56bfc062723c751e8b465ee728b)  -> (artifact id: '03d2d067865e6b56608c37c20e8147e1') in 0.023407 seconds
Number of updated asset objects reloaded before import = 0
Number of asset objects unloaded after import = 126
========================================================================
Received Import Request.
  Time since last request: 9.840058 seconds.
  path: Assets/Prefabs/Rugby Stadium.prefab
  artifactKey: Guid(d7b89215033ae5b41838ece97352f10c) Importer(815301076,1909f56bfc062723c751e8b465ee728b)
Start importing Assets/Prefabs/Rugby Stadium.prefab using Guid(d7b89215033ae5b41838ece97352f10c) Importer(815301076,1909f56bfc062723c751e8b465ee728b)  -> (artifact id: '57abc28e437eac9d8125715e86adc40d') in 0.029704 seconds
Number of updated asset objects reloaded before import = 0
Number of asset objects unloaded after import = 126
========================================================================
Received Import Request.
  Time since last request: 1.986190 seconds.
  path: Assets/Prefabs/Rugby Stadium.prefab
  artifactKey: Guid(d7b89215033ae5b41838ece97352f10c) Importer(815301076,1909f56bfc062723c751e8b465ee728b)
Start importing Assets/Prefabs/Rugby Stadium.prefab using Guid(d7b89215033ae5b41838ece97352f10c) Importer(815301076,1909f56bfc062723c751e8b465ee728b)  -> (artifact id: '7f718c5054b8075b2d4ac39082699dbf') in 0.025883 seconds
Number of updated asset objects reloaded before import = 0
Number of asset objects unloaded after import = 126
========================================================================
Received Import Request.
  Time since last request: 2.803940 seconds.
  path: Assets/Prefabs/Rugby Stadium.prefab
  artifactKey: Guid(d7b89215033ae5b41838ece97352f10c) Importer(815301076,1909f56bfc062723c751e8b465ee728b)
Start importing Assets/Prefabs/Rugby Stadium.prefab using Guid(d7b89215033ae5b41838ece97352f10c) Importer(815301076,1909f56bfc062723c751e8b465ee728b)  -> (artifact id: '652069912c3860b8bf8fb7a36ccf86f8') in 0.029025 seconds
Number of updated asset objects reloaded before import = 0
Number of asset objects unloaded after import = 126
========================================================================
Received Import Request.
  Time since last request: 3.192113 seconds.
  path: Assets/Prefabs/Rugby Stadium.prefab
  artifactKey: Guid(d7b89215033ae5b41838ece97352f10c) Importer(815301076,1909f56bfc062723c751e8b465ee728b)
Start importing Assets/Prefabs/Rugby Stadium.prefab using Guid(d7b89215033ae5b41838ece97352f10c) Importer(815301076,1909f56bfc062723c751e8b465ee728b)  -> (artifact id: '0c11dc22a6a8e5bf6a37aa01e5f295ab') in 0.024101 seconds
Number of updated asset objects reloaded before import = 0
Number of asset objects unloaded after import = 126
========================================================================
Received Import Request.
  Time since last request: 10.464389 seconds.
  path: Assets/Prefabs/Rugby Stadium.prefab
  artifactKey: Guid(d7b89215033ae5b41838ece97352f10c) Importer(815301076,1909f56bfc062723c751e8b465ee728b)
Start importing Assets/Prefabs/Rugby Stadium.prefab using Guid(d7b89215033ae5b41838ece97352f10c) Importer(815301076,1909f56bfc062723c751e8b465ee728b)  -> (artifact id: 'cca517765e69d52766851ad9916cf5ae') in 0.029773 seconds
Number of updated asset objects reloaded before import = 0
Number of asset objects unloaded after import = 126
========================================================================
Received Import Request.
  Time since last request: 4.003510 seconds.
  path: Assets/Prefabs/Rugby Stadium.prefab
  artifactKey: Guid(d7b89215033ae5b41838ece97352f10c) Importer(815301076,1909f56bfc062723c751e8b465ee728b)
Start importing Assets/Prefabs/Rugby Stadium.prefab using Guid(d7b89215033ae5b41838ece97352f10c) Importer(815301076,1909f56bfc062723c751e8b465ee728b)  -> (artifact id: '4060afe56b09ae16fd81e9f3dd1122a2') in 0.033623 seconds
Number of updated asset objects reloaded before import = 0
Number of asset objects unloaded after import = 126
========================================================================
Received Import Request.
  Time since last request: 2.004352 seconds.
  path: Assets/Prefabs/Rugby Stadium.prefab
  artifactKey: Guid(d7b89215033ae5b41838ece97352f10c) Importer(815301076,1909f56bfc062723c751e8b465ee728b)
Start importing Assets/Prefabs/Rugby Stadium.prefab using Guid(d7b89215033ae5b41838ece97352f10c) Importer(815301076,1909f56bfc062723c751e8b465ee728b)  -> (artifact id: '8329235b86d8940c0de6fc5acb60fc06') in 0.024662 seconds
Number of updated asset objects reloaded before import = 0
Number of asset objects unloaded after import = 126
========================================================================
Received Import Request.
  Time since last request: 4.232861 seconds.
  path: Assets/Prefabs/Rugby Stadium.prefab
  artifactKey: Guid(d7b89215033ae5b41838ece97352f10c) Importer(815301076,1909f56bfc062723c751e8b465ee728b)
Start importing Assets/Prefabs/Rugby Stadium.prefab using Guid(d7b89215033ae5b41838ece97352f10c) Importer(815301076,1909f56bfc062723c751e8b465ee728b)  -> (artifact id: '525b50d3d055dcb55c00dc1873d2623f') in 0.024314 seconds
Number of updated asset objects reloaded before import = 0
Number of asset objects unloaded after import = 126
========================================================================
Received Import Request.
  Time since last request: 1.770616 seconds.
  path: Assets/Prefabs/Rugby Stadium.prefab
  artifactKey: Guid(d7b89215033ae5b41838ece97352f10c) Importer(815301076,1909f56bfc062723c751e8b465ee728b)
Start importing Assets/Prefabs/Rugby Stadium.prefab using Guid(d7b89215033ae5b41838ece97352f10c) Importer(815301076,1909f56bfc062723c751e8b465ee728b)  -> (artifact id: 'ddf108ad501967ab16733d86354a730d') in 0.019994 seconds
Number of updated asset objects reloaded before import = 0
Number of asset objects unloaded after import = 126
========================================================================
Received Import Request.
  Time since last request: 10.250556 seconds.
  path: Assets/Prefabs/Rugby Stadium.prefab
  artifactKey: Guid(d7b89215033ae5b41838ece97352f10c) Importer(815301076,1909f56bfc062723c751e8b465ee728b)
Start importing Assets/Prefabs/Rugby Stadium.prefab using Guid(d7b89215033ae5b41838ece97352f10c) Importer(815301076,1909f56bfc062723c751e8b465ee728b)  -> (artifact id: 'eb9a1518f30494d63f810bd6288570bb') in 0.022369 seconds
Number of updated asset objects reloaded before import = 0
Number of asset objects unloaded after import = 126
========================================================================
Received Import Request.
  Time since last request: 362.863165 seconds.
  path: Assets/Materials/Green.mat
  artifactKey: Guid(fe2d2111d8801bf449c30f17d91049b2) Importer(815301076,1909f56bfc062723c751e8b465ee728b)
Start importing Assets/Materials/Green.mat using Guid(fe2d2111d8801bf449c30f17d91049b2) Importer(815301076,1909f56bfc062723c751e8b465ee728b)  -> (artifact id: '28ee1c7f77e00e972ca1b43455a33fdd') in 0.032891 seconds
Number of updated asset objects reloaded before import = 0
Number of asset objects unloaded after import = 1
========================================================================
Received Import Request.
  Time since last request: 8.535564 seconds.
  path: Assets/3D Assets/Models/Pitch Layout.prefab
  artifactKey: Guid(c3a360e078e76af47a895361ead4f0df) Importer(815301076,1909f56bfc062723c751e8b465ee728b)
Start importing Assets/3D Assets/Models/Pitch Layout.prefab using Guid(c3a360e078e76af47a895361ead4f0df) Importer(815301076,1909f56bfc062723c751e8b465ee728b)  -> (artifact id: '76a5f3955c0fa451478db930b91d3c45') in 0.018444 seconds
Number of updated asset objects reloaded before import = 0
Number of asset objects unloaded after import = 108
========================================================================
Received Import Request.
  Time since last request: 9.347824 seconds.
  path: Assets/3D Assets/Animations/Running.fbx
  artifactKey: Guid(e94a8d207148f014590a818a071dc1a8) Importer(815301076,1909f56bfc062723c751e8b465ee728b)
Start importing Assets/3D Assets/Animations/Running.fbx using Guid(e94a8d207148f014590a818a071dc1a8) Importer(815301076,1909f56bfc062723c751e8b465ee728b)  -> (artifact id: '179ce00a0c557d29d3d9e4028ae2bd5c') in 0.178715 seconds
Number of updated asset objects reloaded before import = 0
Number of asset objects unloaded after import = 171
========================================================================
Received Prepare
Begin MonoManager ReloadAssembly
- Loaded All Assemblies, in  0.856 seconds
Refreshing native plugins compatible for Editor in 8.83 ms, found 3 plugins.
Native extension for WindowsStandalone target not found
Native extension for iOS target not found
Native extension for Android target not found
Native extension for OSXStandalone target not found
Could not load the file 'NiceIO'.
UnityEngine.StackTraceUtility:ExtractStackTrace ()
UnityEngine.DebugLogHandler:LogFormat (UnityEngine.LogType,UnityEngine.Object,string,object[])
UnityEngine.Logger:Log (UnityEngine.LogType,object)
UnityEngine.Debug:LogWarning (object)
Unity.VisualScripting.Codebase:IsEditorAssembly (System.Reflection.Assembly,System.Collections.Generic.HashSet`1<string>) (at ./Library/PackageCache/com.unity.visualscripting@1.9.1/Editor/VisualScripting.Core/Reflection/Codebase.cs:383)
Unity.VisualScripting.Codebase:IsRuntimeAssembly (System.Reflection.Assembly) (at ./Library/PackageCache/com.unity.visualscripting@1.9.1/Editor/VisualScripting.Core/Reflection/Codebase.cs:404)
Unity.VisualScripting.Codebase:.cctor () (at ./Library/PackageCache/com.unity.visualscripting@1.9.1/Editor/VisualScripting.Core/Reflection/Codebase.cs:46)
Unity.VisualScripting.PluginContainer:Initialize () (at ./Library/PackageCache/com.unity.visualscripting@1.9.1/Editor/VisualScripting.Core/Plugins/PluginContainer.cs:86)
Unity.VisualScripting.PluginContainer:InitializeOnLoad () (at ./Library/PackageCache/com.unity.visualscripting@1.9.1/Editor/VisualScripting.Core/Plugins/PluginContainer.cs:32)
Unity.VisualScripting.VSUsageUtility:DoInitializeOnLoadCalls () (at ./Library/PackageCache/com.unity.visualscripting@1.9.1/Editor/VisualScripting.Core/Utilities/VSUsageUtility.cs:76)
Unity.VisualScripting.VSUsageUtility:set_isVisualScriptingUsed (bool) (at ./Library/PackageCache/com.unity.visualscripting@1.9.1/Editor/VisualScripting.Core/Utilities/VSUsageUtility.cs:114)
Unity.VisualScripting.VSUsageUtility:CheckAndSetIsVisualScriptingUsed () (at ./Library/PackageCache/com.unity.visualscripting@1.9.1/Editor/VisualScripting.Core/Utilities/VSUsageUtility.cs:33)
Unity.VisualScripting.VSUsageUtility:.cctor () (at ./Library/PackageCache/com.unity.visualscripting@1.9.1/Editor/VisualScripting.Core/Utilities/VSUsageUtility.cs:22)
System.Runtime.CompilerServices.RuntimeHelpers:RunClassConstructor (System.RuntimeTypeHandle)
UnityEditor.EditorAssemblies:ProcessInitializeOnLoadAttributes (System.Type[])

(Filename: ./Library/PackageCache/com.unity.visualscripting@1.9.1/Editor/VisualScripting.Core/Reflection/Codebase.cs Line: 383)

System.Exception: Error! Visual Scripting: couldn't find visual scripting package
  at Unity.VisualScripting.PackageVersionUtility.get_version () [0x00043] in .\Library\PackageCache\com.unity.visualscripting@1.9.1\Editor\VisualScripting.Core\Utilities\PackageVersionUtility.cs:31 
  at Unity.VisualScripting.BoltCoreManifest.get_version () [0x00000] in .\Library\PackageCache\com.unity.visualscripting@1.9.1\Editor\VisualScripting.Core\Plugin\BoltCoreManifest.cs:11 
  at Unity.VisualScripting.PluginManifest.get_currentVersion () [0x00000] in .\Library\PackageCache\com.unity.visualscripting@1.9.1\Editor\VisualScripting.Core\Plugins\PluginManifest.cs:33 
  at Unity.VisualScripting.PluginManifest.get_versionMismatch () [0x00000] in .\Library\PackageCache\com.unity.visualscripting@1.9.1\Editor\VisualScripting.Core\Plugins\PluginManifest.cs:48 
  at Unity.VisualScripting.PluginContainer.Initialize () [0x00525] in .\Library\PackageCache\com.unity.visualscripting@1.9.1\Editor\VisualScripting.Core\Plugins\PluginContainer.cs:208 
  at Unity.VisualScripting.PluginContainer.InitializeOnLoad () [0x00009] in .\Library\PackageCache\com.unity.visualscripting@1.9.1\Editor\VisualScripting.Core\Plugins\PluginContainer.cs:32 
  at Unity.VisualScripting.VSUsageUtility.DoInitializeOnLoadCalls () [0x00034] in .\Library\PackageCache\com.unity.visualscripting@1.9.1\Editor\VisualScripting.Core\Utilities\VSUsageUtility.cs:76 
  at Unity.VisualScripting.VSUsageUtility.set_isVisualScriptingUsed (System.Boolean value) [0x0002c] in .\Library\PackageCache\com.unity.visualscripting@1.9.1\Editor\VisualScripting.Core\Utilities\VSUsageUtility.cs:114 
  at Unity.VisualScripting.VSUsageUtility.CheckAndSetIsVisualScriptingUsed () [0x0000d] in .\Library\PackageCache\com.unity.visualscripting@1.9.1\Editor\VisualScripting.Core\Utilities\VSUsageUtility.cs:33 
  at Unity.VisualScripting.VSUsageUtility..cctor () [0x00000] in .\Library\PackageCache\com.unity.visualscripting@1.9.1\Editor\VisualScripting.Core\Utilities\VSUsageUtility.cs:22 
UnityEngine.StackTraceUtility:ExtractStackTrace ()
UnityEngine.DebugLogHandler:LogFormat (UnityEngine.LogType,UnityEngine.Object,string,object[])
UnityEngine.Logger:Log (UnityEngine.LogType,object)
UnityEngine.Debug:LogError (object)
UnityEditor.EditorAssemblies:ProcessInitializeOnLoadAttributes (System.Type[])

[Package Manager] Server::EnsureServerProcessIsRunning -- launch failed, reason: Unity was launched with the -noUpm command-line argument
[Package Manager] UpmClient::Send -- Unable to send message (not connected to UPM process).
[Package Manager] Cannot connect to Unity Package Manager local server
Mono: successfully reloaded assembly
- Finished resetting the current domain, in  2.369 seconds
Domain Reload Profiling: 3217ms
	BeginReloadAssembly (292ms)
		ExecutionOrderSort (0ms)
		DisableScriptedObjects (8ms)
		BackupInstance (0ms)
		ReleaseScriptingObjects (0ms)
		CreateAndSetChildDomain (66ms)
	RebuildCommonClasses (48ms)
	RebuildNativeTypeToScriptingClass (16ms)
	initialDomainReloadingComplete (54ms)
	LoadAllAssembliesAndSetupDomain (437ms)
		LoadAssemblies (559ms)
		RebuildTransferFunctionScriptingTraits (0ms)
		AnalyzeDomain (29ms)
			TypeCache.Refresh (18ms)
				TypeCache.ScanAssembly (0ms)
			ScanForSourceGeneratedMonoScriptInfo (0ms)
			ResolveRequiredComponents (8ms)
	FinalizeReload (2370ms)
		ReleaseScriptCaches (0ms)
		RebuildScriptCaches (0ms)
		SetupLoadedEditorAssemblies (1063ms)
			LogAssemblyErrors (0ms)
			InitializePlatformSupportModulesInManaged (69ms)
			SetLoadedEditorAssemblies (7ms)
			RefreshPlugins (0ms)
			BeforeProcessingInitializeOnLoad (110ms)
			ProcessInitializeOnLoadAttributes (818ms)
			ProcessInitializeOnLoadMethodAttributes (37ms)
			AfterProcessingInitializeOnLoad (23ms)
			EditorAssembliesLoaded (0ms)
		ExecutionOrderSort2 (0ms)
		AwakeInstancesAfterBackupRestoration (12ms)
Refreshing native plugins compatible for Editor in 7.95 ms, found 3 plugins.
Preloading 0 native plugins for Editor in 0.00 ms.
Unloading 3511 Unused Serialized files (Serialized files now loaded: 0)
Unloading 24 unused Assets / (31.5 KB). Loaded Objects now: 4058.
Memory consumption went from 140.6 MB to 140.6 MB.
Total: 17.440800 ms (FindLiveObjects: 0.589800 ms CreateObjectMapping: 0.174600 ms MarkObjects: 16.574000 ms  DeleteObjects: 0.099900 ms)

Prepare: number of updated asset objects reloaded= 0
AssetImportParameters requested are different than current active one (requested -> active):
  custom:container-demuxer-ogg: 62fdf1f143b41e24485cea50d1cbac27 -> 
  custom:video-decoder-ogg-theora: a1e56fd34408186e4bbccfd4996cb3dc -> 
  custom:framework-win-MediaFoundation: 216162199b28c13a410421893ffa2e32 -> 
  custom:CustomObjectIndexerAttribute: 756ad292c208cfabdd7b50bc23989ffe -> 
  custom:container-demuxer-webm: 4f35f7cbe854078d1ac9338744f61a02 -> 
  custom:container-muxer-webm: aa71ff27fc2769a1b78a27578f13a17b -> 
  custom:video-decoder-webm-vp8: 9c59270c3fd7afecdb556c50c9e8de78 -> 
  custom:SearchIndexIgnoredProperties: e643bd26f0fe6173181afceb89e7c659 -> 
  custom:AudioImporter_EditorPlatform: d09bf68614088b80899f8185d706f6e7 -> 
  custom:video-encoder-webm-vp8: eb34c28f22e8b96e1ab97ce403110664 -> 
  custom:audio-decoder-ogg-vorbis: bf7c407c2cedff20999df2af8eb42d56 -> 
  custom:audio-encoder-webm-vorbis: bf7c407c2cedff20999df2af8eb42d56 -> 
========================================================================
Received Import Request.
  Time since last request: 122.337939 seconds.
  path: Assets/3D Assets/Animations/Kick.controller
  artifactKey: Guid(755db4e5933a1f9489db00011c372a64) Importer(815301076,1909f56bfc062723c751e8b465ee728b)
Start importing Assets/3D Assets/Animations/Kick.controller using Guid(755db4e5933a1f9489db00011c372a64) Importer(815301076,1909f56bfc062723c751e8b465ee728b)  -> (artifact id: 'eb0c767132032716044278ffe65c55ab') in 0.018026 seconds
Number of updated asset objects reloaded before import = 0
Number of asset objects unloaded after import = 4
========================================================================
Received Prepare
Begin MonoManager ReloadAssembly
- Loaded All Assemblies, in  0.874 seconds
Refreshing native plugins compatible for Editor in 7.21 ms, found 3 plugins.
Native extension for WindowsStandalone target not found
Native extension for iOS target not found
Native extension for Android target not found
Native extension for OSXStandalone target not found
Could not load the file 'NiceIO'.
UnityEngine.StackTraceUtility:ExtractStackTrace ()
UnityEngine.DebugLogHandler:LogFormat (UnityEngine.LogType,UnityEngine.Object,string,object[])
UnityEngine.Logger:Log (UnityEngine.LogType,object)
UnityEngine.Debug:LogWarning (object)
Unity.VisualScripting.Codebase:IsEditorAssembly (System.Reflection.Assembly,System.Collections.Generic.HashSet`1<string>) (at ./Library/PackageCache/com.unity.visualscripting@1.9.1/Editor/VisualScripting.Core/Reflection/Codebase.cs:383)
Unity.VisualScripting.Codebase:IsRuntimeAssembly (System.Reflection.Assembly) (at ./Library/PackageCache/com.unity.visualscripting@1.9.1/Editor/VisualScripting.Core/Reflection/Codebase.cs:404)
Unity.VisualScripting.Codebase:.cctor () (at ./Library/PackageCache/com.unity.visualscripting@1.9.1/Editor/VisualScripting.Core/Reflection/Codebase.cs:46)
Unity.VisualScripting.PluginContainer:Initialize () (at ./Library/PackageCache/com.unity.visualscripting@1.9.1/Editor/VisualScripting.Core/Plugins/PluginContainer.cs:86)
Unity.VisualScripting.PluginContainer:InitializeOnLoad () (at ./Library/PackageCache/com.unity.visualscripting@1.9.1/Editor/VisualScripting.Core/Plugins/PluginContainer.cs:32)
Unity.VisualScripting.VSUsageUtility:DoInitializeOnLoadCalls () (at ./Library/PackageCache/com.unity.visualscripting@1.9.1/Editor/VisualScripting.Core/Utilities/VSUsageUtility.cs:76)
Unity.VisualScripting.VSUsageUtility:set_isVisualScriptingUsed (bool) (at ./Library/PackageCache/com.unity.visualscripting@1.9.1/Editor/VisualScripting.Core/Utilities/VSUsageUtility.cs:114)
Unity.VisualScripting.VSUsageUtility:CheckAndSetIsVisualScriptingUsed () (at ./Library/PackageCache/com.unity.visualscripting@1.9.1/Editor/VisualScripting.Core/Utilities/VSUsageUtility.cs:33)
Unity.VisualScripting.VSUsageUtility:.cctor () (at ./Library/PackageCache/com.unity.visualscripting@1.9.1/Editor/VisualScripting.Core/Utilities/VSUsageUtility.cs:22)
System.Runtime.CompilerServices.RuntimeHelpers:RunClassConstructor (System.RuntimeTypeHandle)
UnityEditor.EditorAssemblies:ProcessInitializeOnLoadAttributes (System.Type[])

(Filename: ./Library/PackageCache/com.unity.visualscripting@1.9.1/Editor/VisualScripting.Core/Reflection/Codebase.cs Line: 383)

System.Exception: Error! Visual Scripting: couldn't find visual scripting package
  at Unity.VisualScripting.PackageVersionUtility.get_version () [0x00043] in .\Library\PackageCache\com.unity.visualscripting@1.9.1\Editor\VisualScripting.Core\Utilities\PackageVersionUtility.cs:31 
  at Unity.VisualScripting.BoltCoreManifest.get_version () [0x00000] in .\Library\PackageCache\com.unity.visualscripting@1.9.1\Editor\VisualScripting.Core\Plugin\BoltCoreManifest.cs:11 
  at Unity.VisualScripting.PluginManifest.get_currentVersion () [0x00000] in .\Library\PackageCache\com.unity.visualscripting@1.9.1\Editor\VisualScripting.Core\Plugins\PluginManifest.cs:33 
  at Unity.VisualScripting.PluginManifest.get_versionMismatch () [0x00000] in .\Library\PackageCache\com.unity.visualscripting@1.9.1\Editor\VisualScripting.Core\Plugins\PluginManifest.cs:48 
  at Unity.VisualScripting.PluginContainer.Initialize () [0x00525] in .\Library\PackageCache\com.unity.visualscripting@1.9.1\Editor\VisualScripting.Core\Plugins\PluginContainer.cs:208 
  at Unity.VisualScripting.PluginContainer.InitializeOnLoad () [0x00009] in .\Library\PackageCache\com.unity.visualscripting@1.9.1\Editor\VisualScripting.Core\Plugins\PluginContainer.cs:32 
  at Unity.VisualScripting.VSUsageUtility.DoInitializeOnLoadCalls () [0x00034] in .\Library\PackageCache\com.unity.visualscripting@1.9.1\Editor\VisualScripting.Core\Utilities\VSUsageUtility.cs:76 
  at Unity.VisualScripting.VSUsageUtility.set_isVisualScriptingUsed (System.Boolean value) [0x0002c] in .\Library\PackageCache\com.unity.visualscripting@1.9.1\Editor\VisualScripting.Core\Utilities\VSUsageUtility.cs:114 
  at Unity.VisualScripting.VSUsageUtility.CheckAndSetIsVisualScriptingUsed () [0x0000d] in .\Library\PackageCache\com.unity.visualscripting@1.9.1\Editor\VisualScripting.Core\Utilities\VSUsageUtility.cs:33 
  at Unity.VisualScripting.VSUsageUtility..cctor () [0x00000] in .\Library\PackageCache\com.unity.visualscripting@1.9.1\Editor\VisualScripting.Core\Utilities\VSUsageUtility.cs:22 
UnityEngine.StackTraceUtility:ExtractStackTrace ()
UnityEngine.DebugLogHandler:LogFormat (UnityEngine.LogType,UnityEngine.Object,string,object[])
UnityEngine.Logger:Log (UnityEngine.LogType,object)
UnityEngine.Debug:LogError (object)
UnityEditor.EditorAssemblies:ProcessInitializeOnLoadAttributes (System.Type[])

[Package Manager] Server::EnsureServerProcessIsRunning -- launch failed, reason: Unity was launched with the -noUpm command-line argument
[Package Manager] UpmClient::Send -- Unable to send message (not connected to UPM process).
[Package Manager] Cannot connect to Unity Package Manager local server
Mono: successfully reloaded assembly
- Finished resetting the current domain, in  2.366 seconds
Domain Reload Profiling: 3231ms
	BeginReloadAssembly (284ms)
		ExecutionOrderSort (0ms)
		DisableScriptedObjects (7ms)
		BackupInstance (0ms)
		ReleaseScriptingObjects (0ms)
		CreateAndSetChildDomain (68ms)
	RebuildCommonClasses (44ms)
	RebuildNativeTypeToScriptingClass (17ms)
	initialDomainReloadingComplete (60ms)
	LoadAllAssembliesAndSetupDomain (461ms)
		LoadAssemblies (582ms)
		RebuildTransferFunctionScriptingTraits (0ms)
		AnalyzeDomain (24ms)
			TypeCache.Refresh (13ms)
				TypeCache.ScanAssembly (0ms)
			ScanForSourceGeneratedMonoScriptInfo (0ms)
			ResolveRequiredComponents (7ms)
	FinalizeReload (2366ms)
		ReleaseScriptCaches (0ms)
		RebuildScriptCaches (0ms)
		SetupLoadedEditorAssemblies (996ms)
			LogAssemblyErrors (0ms)
			InitializePlatformSupportModulesInManaged (67ms)
			SetLoadedEditorAssemblies (5ms)
			RefreshPlugins (0ms)
			BeforeProcessingInitializeOnLoad (116ms)
			ProcessInitializeOnLoadAttributes (760ms)
			ProcessInitializeOnLoadMethodAttributes (30ms)
			AfterProcessingInitializeOnLoad (19ms)
			EditorAssembliesLoaded (0ms)
		ExecutionOrderSort2 (0ms)
		AwakeInstancesAfterBackupRestoration (9ms)
Refreshing native plugins compatible for Editor in 9.19 ms, found 3 plugins.
Preloading 0 native plugins for Editor in 0.00 ms.
Unloading 3511 Unused Serialized files (Serialized files now loaded: 0)
Unloading 24 unused Assets / (31.5 KB). Loaded Objects now: 4062.
Memory consumption went from 142.6 MB to 142.6 MB.
Total: 14.567300 ms (FindLiveObjects: 0.780100 ms CreateObjectMapping: 0.114900 ms MarkObjects: 13.590000 ms  DeleteObjects: 0.078400 ms)

Prepare: number of updated asset objects reloaded= 0
AssetImportParameters requested are different than current active one (requested -> active):
  custom:container-demuxer-ogg: 62fdf1f143b41e24485cea50d1cbac27 -> 
  custom:video-decoder-ogg-theora: a1e56fd34408186e4bbccfd4996cb3dc -> 
  custom:framework-win-MediaFoundation: 216162199b28c13a410421893ffa2e32 -> 
  custom:CustomObjectIndexerAttribute: 756ad292c208cfabdd7b50bc23989ffe -> 
  custom:container-demuxer-webm: 4f35f7cbe854078d1ac9338744f61a02 -> 
  custom:container-muxer-webm: aa71ff27fc2769a1b78a27578f13a17b -> 
  custom:video-decoder-webm-vp8: 9c59270c3fd7afecdb556c50c9e8de78 -> 
  custom:SearchIndexIgnoredProperties: e643bd26f0fe6173181afceb89e7c659 -> 
  custom:AudioImporter_EditorPlatform: d09bf68614088b80899f8185d706f6e7 -> 
  custom:video-encoder-webm-vp8: eb34c28f22e8b96e1ab97ce403110664 -> 
  custom:audio-decoder-ogg-vorbis: bf7c407c2cedff20999df2af8eb42d56 -> 
  custom:audio-encoder-webm-vorbis: bf7c407c2cedff20999df2af8eb42d56 -> 
========================================================================
Received Import Request.
  Time since last request: 1544.594803 seconds.
  path: Assets/Scenes/Game Environment Test.unity
  artifactKey: Guid(7f64378efc2881a4994a58466a0d830d) Importer(815301076,1909f56bfc062723c751e8b465ee728b)
Start importing Assets/Scenes/Game Environment Test.unity using Guid(7f64378efc2881a4994a58466a0d830d) Importer(815301076,1909f56bfc062723c751e8b465ee728b)  -> (artifact id: '503ee92a0409375c91800684ce559c86') in 0.003970 seconds
Number of updated asset objects reloaded before import = 0
Number of asset objects unloaded after import = 0
========================================================================
Received Prepare
Begin MonoManager ReloadAssembly
- Loaded All Assemblies, in  1.502 seconds
Refreshing native plugins compatible for Editor in 6.80 ms, found 2 plugins.
Native extension for WindowsStandalone target not found
Native extension for iOS target not found
Native extension for Android target not found
Native extension for OSXStandalone target not found
[Package Manager] Server::EnsureServerProcessIsRunning -- launch failed, reason: Unity was launched with the -noUpm command-line argument
[Package Manager] UpmClient::Send -- Unable to send message (not connected to UPM process).
[Package Manager] Cannot connect to Unity Package Manager local server
Mono: successfully reloaded assembly
- Finished resetting the current domain, in  1.134 seconds
Domain Reload Profiling: 2630ms
	BeginReloadAssembly (325ms)
		ExecutionOrderSort (0ms)
		DisableScriptedObjects (6ms)
		BackupInstance (0ms)
		ReleaseScriptingObjects (0ms)
		CreateAndSetChildDomain (75ms)
	RebuildCommonClasses (57ms)
	RebuildNativeTypeToScriptingClass (18ms)
	initialDomainReloadingComplete (62ms)
	LoadAllAssembliesAndSetupDomain (1034ms)
		LoadAssemblies (1139ms)
		RebuildTransferFunctionScriptingTraits (0ms)
		AnalyzeDomain (71ms)
			TypeCache.Refresh (53ms)
				TypeCache.ScanAssembly (33ms)
			ScanForSourceGeneratedMonoScriptInfo (12ms)
			ResolveRequiredComponents (4ms)
	FinalizeReload (1134ms)
		ReleaseScriptCaches (0ms)
		RebuildScriptCaches (0ms)
		SetupLoadedEditorAssemblies (618ms)
			LogAssemblyErrors (0ms)
			InitializePlatformSupportModulesInManaged (60ms)
			SetLoadedEditorAssemblies (5ms)
			RefreshPlugins (0ms)
			BeforeProcessingInitializeOnLoad (104ms)
			ProcessInitializeOnLoadAttributes (403ms)
			ProcessInitializeOnLoadMethodAttributes (30ms)
			AfterProcessingInitializeOnLoad (16ms)
			EditorAssembliesLoaded (0ms)
		ExecutionOrderSort2 (0ms)
		AwakeInstancesAfterBackupRestoration (8ms)
Refreshing native plugins compatible for Editor in 5.61 ms, found 2 plugins.
Preloading 0 native plugins for Editor in 0.00 ms.
Unloading 1927 Unused Serialized files (Serialized files now loaded: 0)
Unloading 787 unused Assets / (475.3 KB). Loaded Objects now: 3296.
Memory consumption went from 118.5 MB to 118.0 MB.
Total: 6.614700 ms (FindLiveObjects: 0.443700 ms CreateObjectMapping: 0.165400 ms MarkObjects: 5.008300 ms  DeleteObjects: 0.994800 ms)

Prepare: number of updated asset objects reloaded= 0
AssetImportParameters requested are different than current active one (requested -> active):
  custom:container-demuxer-ogg: 62fdf1f143b41e24485cea50d1cbac27 -> 
  custom:video-decoder-ogg-theora: a1e56fd34408186e4bbccfd4996cb3dc -> 
  custom:framework-win-MediaFoundation: 216162199b28c13a410421893ffa2e32 -> 
  custom:CustomObjectIndexerAttribute: 756ad292c208cfabdd7b50bc23989ffe -> 
  custom:container-demuxer-webm: 4f35f7cbe854078d1ac9338744f61a02 -> 
  custom:container-muxer-webm: aa71ff27fc2769a1b78a27578f13a17b -> 
  custom:video-decoder-webm-vp8: 9c59270c3fd7afecdb556c50c9e8de78 -> 
  custom:SearchIndexIgnoredProperties: e643bd26f0fe6173181afceb89e7c659 -> 
  custom:AudioImporter_EditorPlatform: d09bf68614088b80899f8185d706f6e7 -> 
  custom:video-encoder-webm-vp8: eb34c28f22e8b96e1ab97ce403110664 -> 
  custom:audio-decoder-ogg-vorbis: bf7c407c2cedff20999df2af8eb42d56 -> 
  custom:audio-encoder-webm-vorbis: bf7c407c2cedff20999df2af8eb42d56 -> 
========================================================================
Received Import Request.
  Time since last request: 446.692598 seconds.
  path: Assets/Assets
  artifactKey: Guid(5cf2aa055dcf3fe4da75ba23126131ad) Importer(815301076,1909f56bfc062723c751e8b465ee728b)
Start importing Assets/Assets using Guid(5cf2aa055dcf3fe4da75ba23126131ad) Importer(815301076,1909f56bfc062723c751e8b465ee728b)  -> (artifact id: '82fbd924336200b29890a2a468b78dae') in 0.003144 seconds
Number of updated asset objects reloaded before import = 0
Number of asset objects unloaded after import = 0
========================================================================
Received Import Request.
  Time since last request: 3.931986 seconds.
  path: Assets/Assets/UI Elements
  artifactKey: Guid(062189629df0cf84aaed69621ab73111) Importer(815301076,1909f56bfc062723c751e8b465ee728b)
Start importing Assets/Assets/UI Elements using Guid(062189629df0cf84aaed69621ab73111) Importer(815301076,1909f56bfc062723c751e8b465ee728b)  -> (artifact id: 'd9f5e91e252d03beab88bb6cff2effa9') in 0.000746 seconds
Number of updated asset objects reloaded before import = 0
Number of asset objects unloaded after import = 0
========================================================================
Received Import Request.
  Time since last request: 2.884260 seconds.
  path: Assets/Assets/UI Elements/Black
  artifactKey: Guid(dfa1051d515971f4e9cfc002b1abc238) Importer(815301076,1909f56bfc062723c751e8b465ee728b)
Start importing Assets/Assets/UI Elements/Black using Guid(dfa1051d515971f4e9cfc002b1abc238) Importer(815301076,1909f56bfc062723c751e8b465ee728b)  -> (artifact id: '3f462452c3f8e5f830836d5631fd0fe1') in 0.000887 seconds
Number of updated asset objects reloaded before import = 0
Number of asset objects unloaded after import = 0
========================================================================
Received Import Request.
  Time since last request: 0.725164 seconds.
  path: Assets/Assets/UI Elements/Black/1x
  artifactKey: Guid(c16e443356b621b43b22c404667af899) Importer(815301076,1909f56bfc062723c751e8b465ee728b)
Start importing Assets/Assets/UI Elements/Black/1x using Guid(c16e443356b621b43b22c404667af899) Importer(815301076,1909f56bfc062723c751e8b465ee728b)  -> (artifact id: '9794672cb9c015ef9ad185addf799fa2') in 0.001418 seconds
Number of updated asset objects reloaded before import = 0
Number of asset objects unloaded after import = 0
========================================================================
Received Import Request.
  Time since last request: 0.092367 seconds.
  path: Assets/Assets/UI Elements/Black/1x/backward.png
  artifactKey: Guid(0ca69b41a36113c4cb5cbe8fa766b5bd) Importer(815301076,1909f56bfc062723c751e8b465ee728b)
Start importing Assets/Assets/UI Elements/Black/1x/backward.png using Guid(0ca69b41a36113c4cb5cbe8fa766b5bd) Importer(815301076,1909f56bfc062723c751e8b465ee728b)  -> (artifact id: 'e024fda51df1c5d3474a535aa20c4810') in 0.202097 seconds
Number of updated asset objects reloaded before import = 0
Number of asset objects unloaded after import = 3
========================================================================
Received Import Request.
  Time since last request: 0.000043 seconds.
  path: Assets/Assets/UI Elements/Black/1x/north-east arrow.png
  artifactKey: Guid(9bbcdd1552c76f342ae71e92d77b8f65) Importer(815301076,1909f56bfc062723c751e8b465ee728b)
Start importing Assets/Assets/UI Elements/Black/1x/north-east arrow.png using Guid(9bbcdd1552c76f342ae71e92d77b8f65) Importer(815301076,1909f56bfc062723c751e8b465ee728b)  -> (artifact id: '4190532499b252175b6b7869412b97be') in 0.054925 seconds
Number of updated asset objects reloaded before import = 0
Number of asset objects unloaded after import = 3
========================================================================
Received Import Request.
  Time since last request: 0.000043 seconds.
  path: Assets/Assets/UI Elements/Black/1x/gamepad2.png
  artifactKey: Guid(148c54b225c0dfc48a6427742f17f18f) Importer(815301076,1909f56bfc062723c751e8b465ee728b)
Start importing Assets/Assets/UI Elements/Black/1x/gamepad2.png using Guid(148c54b225c0dfc48a6427742f17f18f) Importer(815301076,1909f56bfc062723c751e8b465ee728b)  -> (artifact id: '2e3c64eb320c2e01961bee11b30daf1c') in 0.041023 seconds
Number of updated asset objects reloaded before import = 0
Number of asset objects unloaded after import = 3
========================================================================
Received Import Request.
  Time since last request: 0.000083 seconds.
  path: Assets/Assets/UI Elements/Black/1x/forward.png
  artifactKey: Guid(7bf254857d1461546a228926429fe53e) Importer(815301076,1909f56bfc062723c751e8b465ee728b)
Start importing Assets/Assets/UI Elements/Black/1x/forward.png using Guid(7bf254857d1461546a228926429fe53e) Importer(815301076,1909f56bfc062723c751e8b465ee728b)  -> (artifact id: '521120b514ce35ea9e2c640ee0b9f77c') in 0.055480 seconds
Number of updated asset objects reloaded before import = 0
Number of asset objects unloaded after import = 3
========================================================================
Received Import Request.
  Time since last request: 0.000036 seconds.
  path: Assets/Assets/UI Elements/Black/1x/sign1.png
  artifactKey: Guid(6c2f508c2c8885b48a9633a0775ae4a0) Importer(815301076,1909f56bfc062723c751e8b465ee728b)
Start importing Assets/Assets/UI Elements/Black/1x/sign1.png using Guid(6c2f508c2c8885b48a9633a0775ae4a0) Importer(815301076,1909f56bfc062723c751e8b465ee728b)  -> (artifact id: '3934564c4127bfc51378ba5a453a81cc') in 0.049352 seconds
Number of updated asset objects reloaded before import = 0
Number of asset objects unloaded after import = 3
========================================================================
Received Import Request.
  Time since last request: 0.000038 seconds.
  path: Assets/Assets/UI Elements/Black/1x/camera.png
  artifactKey: Guid(4968e60d11a665d489c1b7cf25009ef2) Importer(815301076,1909f56bfc062723c751e8b465ee728b)
Start importing Assets/Assets/UI Elements/Black/1x/camera.png using Guid(4968e60d11a665d489c1b7cf25009ef2) Importer(815301076,1909f56bfc062723c751e8b465ee728b)  -> (artifact id: 'd0db4178a11bbaaad575c7ec08cf526a') in 0.047419 seconds
Number of updated asset objects reloaded before import = 0
Number of asset objects unloaded after import = 3
========================================================================
Received Import Request.
  Time since last request: 0.000060 seconds.
  path: Assets/Assets/UI Elements/Black/1x/sign2.png
  artifactKey: Guid(bb6c239f2d9a62d4aa10fe8fbcef9f1f) Importer(815301076,1909f56bfc062723c751e8b465ee728b)
Start importing Assets/Assets/UI Elements/Black/1x/sign2.png using Guid(bb6c239f2d9a62d4aa10fe8fbcef9f1f) Importer(815301076,1909f56bfc062723c751e8b465ee728b)  -> (artifact id: '7b8312784a7dc9c36edabe99e3b1e071') in 0.049015 seconds
Number of updated asset objects reloaded before import = 0
Number of asset objects unloaded after import = 3
========================================================================
Received Import Request.
  Time since last request: 0.000029 seconds.
  path: Assets/Assets/UI Elements/Black/1x/BUtton 2.png
  artifactKey: Guid(d06bb0b2114972347850111118102c10) Importer(815301076,1909f56bfc062723c751e8b465ee728b)
Start importing Assets/Assets/UI Elements/Black/1x/BUtton 2.png using Guid(d06bb0b2114972347850111118102c10) Importer(815301076,1909f56bfc062723c751e8b465ee728b)  -> (artifact id: 'c9ebf2ec5cfdf8682a9c942de7832415') in 0.030627 seconds
Number of updated asset objects reloaded before import = 0
Number of asset objects unloaded after import = 3
========================================================================
Received Import Request.
  Time since last request: 0.000040 seconds.
  path: Assets/Assets/UI Elements/Black/1x/info.png
  artifactKey: Guid(a9e7616118c268a4eaaca886af7fa753) Importer(815301076,1909f56bfc062723c751e8b465ee728b)
Start importing Assets/Assets/UI Elements/Black/1x/info.png using Guid(a9e7616118c268a4eaaca886af7fa753) Importer(815301076,1909f56bfc062723c751e8b465ee728b)  -> (artifact id: '0064482c5e30bc7be729da6cabf67e3f') in 0.060751 seconds
Number of updated asset objects reloaded before import = 0
Number of asset objects unloaded after import = 3
========================================================================
Received Import Request.
  Time since last request: 0.000161 seconds.
  path: Assets/Assets/UI Elements/Black/1x/music on.png
  artifactKey: Guid(65d4f0924a9fa6e409ebc00b0dc161a4) Importer(815301076,1909f56bfc062723c751e8b465ee728b)
Start importing Assets/Assets/UI Elements/Black/1x/music on.png using Guid(65d4f0924a9fa6e409ebc00b0dc161a4) Importer(815301076,1909f56bfc062723c751e8b465ee728b)  -> (artifact id: '0e74a30c72850b21c46fdef261eb12e0') in 0.066530 seconds
Number of updated asset objects reloaded before import = 0
Number of asset objects unloaded after import = 3
========================================================================
Received Import Request.
  Time since last request: 0.000034 seconds.
  path: Assets/Assets/UI Elements/Black/1x/BUtton A.png
  artifactKey: Guid(915f7e39bd6632c458f3ac141732d571) Importer(815301076,1909f56bfc062723c751e8b465ee728b)
Start importing Assets/Assets/UI Elements/Black/1x/BUtton A.png using Guid(915f7e39bd6632c458f3ac141732d571) Importer(815301076,1909f56bfc062723c751e8b465ee728b)  -> (artifact id: '9a8dedbc42934722204c83443af3e805') in 0.043601 seconds
Number of updated asset objects reloaded before import = 0
Number of asset objects unloaded after import = 3
========================================================================
Received Import Request.
  Time since last request: 0.000052 seconds.
  path: Assets/Assets/UI Elements/Black/1x/BUtton C.png
  artifactKey: Guid(07599a1620f73ff47b5afc2c87c1ac90) Importer(815301076,1909f56bfc062723c751e8b465ee728b)
Start importing Assets/Assets/UI Elements/Black/1x/BUtton C.png using Guid(07599a1620f73ff47b5afc2c87c1ac90) Importer(815301076,1909f56bfc062723c751e8b465ee728b)  -> (artifact id: '4902eabe2d7a5bd8c248f2910f216ef3') in 0.046030 seconds
Number of updated asset objects reloaded before import = 0
Number of asset objects unloaded after import = 3
========================================================================
Received Import Request.
  Time since last request: 0.000033 seconds.
  path: Assets/Assets/UI Elements/Black/1x/music off.png
  artifactKey: Guid(abab35710061f68468a5b81b852eefb2) Importer(815301076,1909f56bfc062723c751e8b465ee728b)
Start importing Assets/Assets/UI Elements/Black/1x/music off.png using Guid(abab35710061f68468a5b81b852eefb2) Importer(815301076,1909f56bfc062723c751e8b465ee728b)  -> (artifact id: '8ee4f2954f58c5c6c762d733ed3cc5e5') in 0.036293 seconds
Number of updated asset objects reloaded before import = 0
Number of asset objects unloaded after import = 3
========================================================================
Received Import Request.
  Time since last request: 0.000044 seconds.
  path: Assets/Assets/UI Elements/Black/1x/home.png
  artifactKey: Guid(d861e95eb4bfdb34392459f13906828e) Importer(815301076,1909f56bfc062723c751e8b465ee728b)
Start importing Assets/Assets/UI Elements/Black/1x/home.png using Guid(d861e95eb4bfdb34392459f13906828e) Importer(815301076,1909f56bfc062723c751e8b465ee728b)  -> (artifact id: '1f14b42f3b5cd4d8837b77f635cf8afd') in 0.043965 seconds
Number of updated asset objects reloaded before import = 0
Number of asset objects unloaded after import = 3
========================================================================
Received Import Request.
  Time since last request: 0.000076 seconds.
  path: Assets/Assets/UI Elements/Black/1x/exit right.png
  artifactKey: Guid(00f38cdbd9e16764b86c22427cc80bea) Importer(815301076,1909f56bfc062723c751e8b465ee728b)
Start importing Assets/Assets/UI Elements/Black/1x/exit right.png using Guid(00f38cdbd9e16764b86c22427cc80bea) Importer(815301076,1909f56bfc062723c751e8b465ee728b)  -> (artifact id: 'f1a4d42a792d66296e3b888c10e0207d') in 0.045040 seconds
Number of updated asset objects reloaded before import = 0
Number of asset objects unloaded after import = 3
========================================================================
Received Import Request.
  Time since last request: 0.000037 seconds.
  path: Assets/Assets/UI Elements/Black/1x/left.png
  artifactKey: Guid(c2dbc6dc470a3b046b8291ea5826c397) Importer(815301076,1909f56bfc062723c751e8b465ee728b)
Start importing Assets/Assets/UI Elements/Black/1x/left.png using Guid(c2dbc6dc470a3b046b8291ea5826c397) Importer(815301076,1909f56bfc062723c751e8b465ee728b)  -> (artifact id: '61227f9b07a1bc67a063d48568e7bc7a') in 0.043266 seconds
Number of updated asset objects reloaded before import = 0
Number of asset objects unloaded after import = 3
========================================================================
Received Import Request.
  Time since last request: 0.000048 seconds.
  path: Assets/Assets/UI Elements/Black/1x/pause.png
  artifactKey: Guid(4c231b5e34dcacd4680d70df86c53750) Importer(815301076,1909f56bfc062723c751e8b465ee728b)
Start importing Assets/Assets/UI Elements/Black/1x/pause.png using Guid(4c231b5e34dcacd4680d70df86c53750) Importer(815301076,1909f56bfc062723c751e8b465ee728b)  -> (artifact id: '60a26990a420d15441e43163d56802ab') in 0.035471 seconds
Number of updated asset objects reloaded before import = 0
Number of asset objects unloaded after import = 3
========================================================================
Received Import Request.
  Time since last request: 0.000031 seconds.
  path: Assets/Assets/UI Elements/Black/1x/mic on.png
  artifactKey: Guid(cc7e6817bcc82564fa92f3e89bc9ac6a) Importer(815301076,1909f56bfc062723c751e8b465ee728b)
Start importing Assets/Assets/UI Elements/Black/1x/mic on.png using Guid(cc7e6817bcc82564fa92f3e89bc9ac6a) Importer(815301076,1909f56bfc062723c751e8b465ee728b)  -> (artifact id: '58402aeeab1f276a830d9b9172e4824c') in 0.047459 seconds
Number of updated asset objects reloaded before import = 0
Number of asset objects unloaded after import = 3
========================================================================
Received Import Request.
  Time since last request: 0.838751 seconds.
  path: Assets/Assets/UI Elements/Black/1x/south-east arrow.png
  artifactKey: Guid(addbf6f4ecafe274ea233dd0e3034ff1) Importer(815301076,1909f56bfc062723c751e8b465ee728b)
Start importing Assets/Assets/UI Elements/Black/1x/south-east arrow.png using Guid(addbf6f4ecafe274ea233dd0e3034ff1) Importer(815301076,1909f56bfc062723c751e8b465ee728b)  -> (artifact id: 'fe865448b90e32d9983b1e8b062e84aa') in 0.030950 seconds
Number of updated asset objects reloaded before import = 0
Number of asset objects unloaded after import = 3
========================================================================
Received Import Request.
  Time since last request: 0.000032 seconds.
  path: Assets/Assets/UI Elements/Black/1x/stop.png
  artifactKey: Guid(092d6b2b2c0f4244296d429d21c4ae07) Importer(815301076,1909f56bfc062723c751e8b465ee728b)
Start importing Assets/Assets/UI Elements/Black/1x/stop.png using Guid(092d6b2b2c0f4244296d429d21c4ae07) Importer(815301076,1909f56bfc062723c751e8b465ee728b)  -> (artifact id: '049c47116a3555ea1a6d555d28879f9c') in 0.032155 seconds
Number of updated asset objects reloaded before import = 0
Number of asset objects unloaded after import = 3
========================================================================
Received Import Request.
  Time since last request: 0.000028 seconds.
  path: Assets/Assets/UI Elements/Black/1x/star.png
  artifactKey: Guid(792299b6da89b8f43b2f54dac62b9f98) Importer(815301076,1909f56bfc062723c751e8b465ee728b)
Start importing Assets/Assets/UI Elements/Black/1x/star.png using Guid(792299b6da89b8f43b2f54dac62b9f98) Importer(815301076,1909f56bfc062723c751e8b465ee728b)  -> (artifact id: '759d36c4f2accd436bb242eaf543b234') in 0.038771 seconds
Number of updated asset objects reloaded before import = 0
Number of asset objects unloaded after import = 3
========================================================================
Received Import Request.
  Time since last request: 0.000031 seconds.
  path: Assets/Assets/UI Elements/Black/1x/up.png
  artifactKey: Guid(41f5a7f2f23784341b1688043372ad80) Importer(815301076,1909f56bfc062723c751e8b465ee728b)
Start importing Assets/Assets/UI Elements/Black/1x/up.png using Guid(41f5a7f2f23784341b1688043372ad80) Importer(815301076,1909f56bfc062723c751e8b465ee728b)  -> (artifact id: '919575e2e8f1d43acb7511c885fb0a06') in 0.038495 seconds
Number of updated asset objects reloaded before import = 0
Number of asset objects unloaded after import = 3
========================================================================
Received Import Request.
  Time since last request: 0.000033 seconds.
  path: Assets/Assets/UI Elements/Black/1x/unlock.png
  artifactKey: Guid(69f510a3669e83f4283b257384052e74) Importer(815301076,1909f56bfc062723c751e8b465ee728b)
Start importing Assets/Assets/UI Elements/Black/1x/unlock.png using Guid(69f510a3669e83f4283b257384052e74) Importer(815301076,1909f56bfc062723c751e8b465ee728b)  -> (artifact id: '5b50295b01ba841dd0e63f313a3c1123') in 0.036769 seconds
Number of updated asset objects reloaded before import = 0
Number of asset objects unloaded after import = 3
